demo/buildout/outputs/logs/manifest-merger-noExtensions-debug-report.txt
-- Merging decision tree log ---
manifest
ADDED from src\main\AndroidManifest.xml:17:1-88:12
	package
		ADDED from src\main\AndroidManifest.xml:18:5-49
	android:versionName
		ADDED from src\main\AndroidManifest.xml:20:5-32
		INJECTED from src\main\AndroidManifest.xml
		INJECTED from src\main\AndroidManifest.xml
	android:versionCode
		ADDED from src\main\AndroidManifest.xml:19:5-31
		INJECTED from src\main\AndroidManifest.xml
		INJECTED from src\main\AndroidManifest.xml
	xmlns:android
		ADDED from src\main\AndroidManifest.xml:17:11-69
uses-permission#android.permission.INTERNET
ADDED from src\main\AndroidManifest.xml:22:3-64
	android:name
		ADDED from src\main\AndroidManifest.xml:22:20-62
uses-permission#android.permission.READ_EXTERNAL_STORAGE
ADDED from src\main\AndroidManifest.xml:23:3-77
	android:name
		ADDED from src\main\AndroidManifest.xml:23:20-75
uses-feature#android.software.leanback
ADDED from src\main\AndroidManifest.xml:24:3-84
	android:required
		ADDED from src\main\AndroidManifest.xml:24:58-82
	android:name
		ADDED from src\main\AndroidManifest.xml:24:17-57
uses-feature#android.hardware.touchscreen
ADDED from src\main\AndroidManifest.xml:25:3-87
	android:required
		ADDED from src\main\AndroidManifest.xml:25:61-85
	android:name
		ADDED from src\main\AndroidManifest.xml:25:17-60
uses-sdk
ADDED from src\main\AndroidManifest.xml:26:3-71
MERGED from [ExoPlayer:library-dash:unspecified] AndroidManifest.xml:21:5-23:41
MERGED from [com.android.support:support-core-utils:25.3.1] AndroidManifest.xml:21:5-23:61
MERGED from [com.android.support:support-compat:25.3.1] AndroidManifest.xml:21:5-23:58
MERGED from [ExoPlayer:library-hls:unspecified] AndroidManifest.xml:21:5-23:41
MERGED from [ExoPlayer:library-smoothstreaming:unspecified] AndroidManifest.xml:21:5-23:41
MERGED from [ExoPlayer:library-ui:unspecified] AndroidManifest.xml:21:5-23:41
MERGED from [ExoPlayer:library-core:unspecified] AndroidManifest.xml:21:5-23:41
MERGED from [com.android.support:appcompat-v7:22.1.1] AndroidManifest.xml:20:5-43
MERGED from [com.android.support:support-v4:22.1.1] AndroidManifest.xml:20:5-43
	tools:overrideLibrary
		ADDED from [com.android.support:support-core-utils:25.3.1] AndroidManifest.xml:23:9-58
	android:targetSdkVersion
		ADDED from src\main\AndroidManifest.xml:26:40-69
		INJECTED from src\main\AndroidManifest.xml
		INJECTED from src\main\AndroidManifest.xml
	android:minSdkVersion
		ADDED from src\main\AndroidManifest.xml:26:13-39
		INJECTED from src\main\AndroidManifest.xml
		INJECTED from src\main\AndroidManifest.xml
application
ADDED from src\main\AndroidManifest.xml:28:3-86:17
MERGED from [com.android.support:support-core-utils:25.3.1] AndroidManifest.xml:29:5-20
MERGED from [com.android.support:support-compat:25.3.1] AndroidManifest.xml:29:5-20
MERGED from [com.android.support:appcompat-v7:22.1.1] AndroidManifest.xml:22:5-20
MERGED from [com.android.support:support-v4:22.1.1] AndroidManifest.xml:22:5-20
	android:label
		ADDED from src\main\AndroidManifest.xml:29:7-47
	android:allowBackup
		ADDED from src\main\AndroidManifest.xml:33:7-34
	android:icon
		ADDED from src\main\AndroidManifest.xml:30:7-41
	android:largeHeap
		ADDED from src\main\AndroidManifest.xml:32:7-31
	android:banner
		ADDED from src\main\AndroidManifest.xml:31:7-43
	android:name
		ADDED from src\main\AndroidManifest.xml:34:7-72
activity#com.google.android.exoplayer2.demo.Splashscreen
ADDED from src\main\AndroidManifest.xml:35:7-43:18
	android:label
		ADDED from src\main\AndroidManifest.xml:37:11-61
	android:name
		ADDED from src\main\AndroidManifest.xml:36:11-39
intent-filter#android.intent.action.MAIN+android.intent.category.LAUNCHER
ADDED from src\main\AndroidManifest.xml:38:11-42:27
action#android.intent.action.MAIN
ADDED from src\main\AndroidManifest.xml:39:15-67
	android:name
		ADDED from src\main\AndroidManifest.xml:39:23-64
category#android.intent.category.LAUNCHER
ADDED from src\main\AndroidManifest.xml:41:15-75
	android:name
		ADDED from src\main\AndroidManifest.xml:41:25-72
activity#com.google.android.exoplayer2.demo.SampleChooserActivity
ADDED from src\main\AndroidManifest.xml:44:5-64:16
	android:label
		ADDED from src\main\AndroidManifest.xml:46:9-49
	android:configChanges
		ADDED from src\main\AndroidManifest.xml:45:9-47
	android:name
		ADDED from src\main\AndroidManifest.xml:44:15-86
intent-filter#android.intent.category.BROWSABLE+android.intent.category.DEFAULT+com.google.android.exoplayer.demo.action.VIEW
ADDED from src\main\AndroidManifest.xml:47:7-51:23
action#com.google.android.exoplayer.demo.action.VIEW
ADDED from src\main\AndroidManifest.xml:48:9-79
	android:name
		ADDED from src\main\AndroidManifest.xml:48:17-77
category#android.intent.category.DEFAULT
ADDED from src\main\AndroidManifest.xml:49:9-67
	android:name
		ADDED from src\main\AndroidManifest.xml:49:19-65
category#android.intent.category.BROWSABLE
ADDED from src\main\AndroidManifest.xml:50:9-69
	android:name
		ADDED from src\main\AndroidManifest.xml:50:19-67
intent-filter#android.intent.action.VIEW+android.intent.category.BROWSABLE+android.intent.category.DEFAULT
ADDED from src\main\AndroidManifest.xml:52:7-63:23
action#android.intent.action.VIEW
ADDED from src\main\AndroidManifest.xml:53:9-60
	android:name
		ADDED from src\main\AndroidManifest.xml:53:17-58
data
ADDED from src\main\AndroidManifest.xml:56:9-38
	android:scheme
		ADDED from src\main\AndroidManifest.xml:56:15-36
activity#com.google.android.exoplayer2.demo.PlayerActivity
ADDED from src\main\AndroidManifest.xml:66:5-84:16
	android:label
		ADDED from src\main\AndroidManifest.xml:69:9-49
	android:launchMode
		ADDED from src\main\AndroidManifest.xml:68:9-39
	android:configChanges
		ADDED from src\main\AndroidManifest.xml:67:9-118
	android:theme
		ADDED from src\main\AndroidManifest.xml:70:9-43
	android:name
		ADDED from src\main\AndroidManifest.xml:66:15-79
intent-filter#android.intent.category.DEFAULT+com.google.android.exoplayer.demo.action.VIEW
ADDED from src\main\AndroidManifest.xml:71:7-79:23
intent-filter#android.intent.category.DEFAULT+com.google.android.exoplayer.demo.action.VIEW_LIST
ADDED from src\main\AndroidManifest.xml:80:7-83:23
action#com.google.android.exoplayer.demo.action.VIEW_LIST
ADDED from src\main\AndroidManifest.xml:81:9-84
	android:name
		ADDED from src\main\AndroidManifest.xml:81:17-82
meta-data#android.support.VERSION
ADDED from [com.android.support:support-core-utils:25.3.1] AndroidManifest.xml:25:5-27:34
MERGED from [com.android.support:support-compat:25.3.1] AndroidManifest.xml:25:5-27:34
	android:value
		ADDED from [com.android.support:support-core-utils:25.3.1] AndroidManifest.xml:27:9-31
	android:name
		ADDED from [com.android.support:support-core-utils:25.3.1] AndroidManifest.xml:26:9-47